{"C:\\Users\\NatalyPorras\\Documents\\Nataly-Porras\\lim20181-Track-FE-markdown-list\\index.js": {"path":"C:\\Users\\NatalyPorras\\Documents\\Nataly-Porras\\lim20181-Track-FE-markdown-list\\index.js","statementMap":{"0":{"start":{"line":1,"column":11},"end":{"line":1,"column":24}},"1":{"start":{"line":2,"column":13},"end":{"line":2,"column":28}},"2":{"start":{"line":3,"column":14},"end":{"line":3,"column":35}},"3":{"start":{"line":4,"column":15},"end":{"line":4,"column":32}},"4":{"start":{"line":5,"column":26},"end":{"line":5,"column":84}},"5":{"start":{"line":7,"column":22},"end":{"line":9,"column":1}},"6":{"start":{"line":8,"column":2},"end":{"line":8,"column":29}},"7":{"start":{"line":11,"column":22},"end":{"line":22,"column":1}},"8":{"start":{"line":12,"column":2},"end":{"line":21,"column":6}},"9":{"start":{"line":14,"column":6},"end":{"line":14,"column":37}},"10":{"start":{"line":15,"column":6},"end":{"line":15,"column":45}},"11":{"start":{"line":16,"column":6},"end":{"line":16,"column":18}},"12":{"start":{"line":19,"column":6},"end":{"line":19,"column":30}},"13":{"start":{"line":20,"column":6},"end":{"line":20,"column":18}},"14":{"start":{"line":24,"column":28},"end":{"line":56,"column":1}},"15":{"start":{"line":26,"column":22},"end":{"line":28,"column":4}},"16":{"start":{"line":27,"column":4},"end":{"line":27,"column":21}},"17":{"start":{"line":30,"column":2},"end":{"line":55,"column":3}},"18":{"start":{"line":31,"column":23},"end":{"line":31,"column":25}},"19":{"start":{"line":32,"column":4},"end":{"line":34,"column":7}},"20":{"start":{"line":33,"column":6},"end":{"line":33,"column":69}},"21":{"start":{"line":35,"column":4},"end":{"line":35,"column":23}},"22":{"start":{"line":36,"column":9},"end":{"line":55,"column":3}},"23":{"start":{"line":37,"column":23},"end":{"line":37,"column":25}},"24":{"start":{"line":38,"column":4},"end":{"line":40,"column":6}},"25":{"start":{"line":39,"column":6},"end":{"line":39,"column":112}},"26":{"start":{"line":41,"column":4},"end":{"line":41,"column":23}},"27":{"start":{"line":42,"column":9},"end":{"line":55,"column":3}},"28":{"start":{"line":44,"column":4},"end":{"line":44,"column":80}},"29":{"start":{"line":46,"column":9},"end":{"line":55,"column":3}},"30":{"start":{"line":47,"column":20},"end":{"line":47,"column":21}},"31":{"start":{"line":48,"column":4},"end":{"line":52,"column":6}},"32":{"start":{"line":49,"column":6},"end":{"line":51,"column":7}},"33":{"start":{"line":50,"column":8},"end":{"line":50,"column":26}},"34":{"start":{"line":53,"column":4},"end":{"line":53,"column":100}},"35":{"start":{"line":58,"column":20},"end":{"line":68,"column":1}},"36":{"start":{"line":59,"column":16},"end":{"line":59,"column":18}},"37":{"start":{"line":61,"column":19},"end":{"line":61,"column":40}},"38":{"start":{"line":62,"column":2},"end":{"line":65,"column":3}},"39":{"start":{"line":63,"column":4},"end":{"line":63,"column":46}},"40":{"start":{"line":64,"column":4},"end":{"line":64,"column":13}},"41":{"start":{"line":66,"column":2},"end":{"line":66,"column":29}},"42":{"start":{"line":67,"column":2},"end":{"line":67,"column":14}},"43":{"start":{"line":70,"column":21},"end":{"line":75,"column":1}},"44":{"start":{"line":71,"column":19},"end":{"line":73,"column":4}},"45":{"start":{"line":72,"column":4},"end":{"line":72,"column":28}},"46":{"start":{"line":74,"column":2},"end":{"line":74,"column":17}},"47":{"start":{"line":77,"column":19},"end":{"line":81,"column":1}},"48":{"start":{"line":78,"column":2},"end":{"line":80,"column":9}},"49":{"start":{"line":79,"column":4},"end":{"line":79,"column":29}},"50":{"start":{"line":83,"column":17},"end":{"line":90,"column":1}},"51":{"start":{"line":84,"column":2},"end":{"line":89,"column":5}},"52":{"start":{"line":85,"column":4},"end":{"line":88,"column":6}},"53":{"start":{"line":86,"column":6},"end":{"line":86,"column":27}},"54":{"start":{"line":86,"column":15},"end":{"line":86,"column":27}},"55":{"start":{"line":87,"column":6},"end":{"line":87,"column":20}},"56":{"start":{"line":92,"column":17},"end":{"line":99,"column":1}},"57":{"start":{"line":93,"column":2},"end":{"line":98,"column":4}},"58":{"start":{"line":94,"column":4},"end":{"line":97,"column":6}},"59":{"start":{"line":95,"column":6},"end":{"line":95,"column":34}},"60":{"start":{"line":95,"column":15},"end":{"line":95,"column":34}},"61":{"start":{"line":96,"column":6},"end":{"line":96,"column":19}},"62":{"start":{"line":101,"column":16},"end":{"line":106,"column":1}},"63":{"start":{"line":102,"column":2},"end":{"line":105,"column":4}},"64":{"start":{"line":102,"column":42},"end":{"line":105,"column":3}},"65":{"start":{"line":104,"column":20},"end":{"line":104,"column":54}},"66":{"start":{"line":108,"column":23},"end":{"line":117,"column":1}},"67":{"start":{"line":110,"column":4},"end":{"line":115,"column":8}},"68":{"start":{"line":112,"column":8},"end":{"line":112,"column":28}},"69":{"start":{"line":114,"column":8},"end":{"line":114,"column":21}},"70":{"start":{"line":119,"column":22},"end":{"line":140,"column":1}},"71":{"start":{"line":120,"column":16},"end":{"line":120,"column":18}},"72":{"start":{"line":121,"column":2},"end":{"line":138,"column":6}},"73":{"start":{"line":123,"column":6},"end":{"line":137,"column":7}},"74":{"start":{"line":124,"column":8},"end":{"line":124,"column":28}},"75":{"start":{"line":125,"column":8},"end":{"line":125,"column":25}},"76":{"start":{"line":126,"column":13},"end":{"line":137,"column":7}},"77":{"start":{"line":127,"column":8},"end":{"line":136,"column":29}},"78":{"start":{"line":129,"column":12},"end":{"line":131,"column":14}},"79":{"start":{"line":130,"column":14},"end":{"line":130,"column":61}},"80":{"start":{"line":134,"column":12},"end":{"line":134,"column":55}},"81":{"start":{"line":142,"column":16},"end":{"line":194,"column":1}},"82":{"start":{"line":143,"column":2},"end":{"line":192,"column":6}},"83":{"start":{"line":145,"column":6},"end":{"line":188,"column":7}},"84":{"start":{"line":146,"column":8},"end":{"line":163,"column":12}},"85":{"start":{"line":148,"column":12},"end":{"line":150,"column":14}},"86":{"start":{"line":149,"column":14},"end":{"line":149,"column":55}},"87":{"start":{"line":154,"column":10},"end":{"line":154,"column":33}},"88":{"start":{"line":157,"column":12},"end":{"line":159,"column":14}},"89":{"start":{"line":158,"column":14},"end":{"line":158,"column":50}},"90":{"start":{"line":162,"column":12},"end":{"line":162,"column":47}},"91":{"start":{"line":164,"column":13},"end":{"line":188,"column":7}},"92":{"start":{"line":165,"column":8},"end":{"line":187,"column":12}},"93":{"start":{"line":167,"column":12},"end":{"line":169,"column":14}},"94":{"start":{"line":168,"column":14},"end":{"line":168,"column":45}},"95":{"start":{"line":172,"column":12},"end":{"line":177,"column":16}},"96":{"start":{"line":174,"column":16},"end":{"line":176,"column":18}},"97":{"start":{"line":175,"column":18},"end":{"line":175,"column":53}},"98":{"start":{"line":181,"column":12},"end":{"line":183,"column":14}},"99":{"start":{"line":182,"column":14},"end":{"line":182,"column":53}},"100":{"start":{"line":186,"column":12},"end":{"line":186,"column":43}},"101":{"start":{"line":191,"column":6},"end":{"line":191,"column":51}},"102":{"start":{"line":196,"column":0},"end":{"line":196,"column":25}}},"fnMap":{"0":{"name":"(anonymous_0)","decl":{"start":{"line":7,"column":22},"end":{"line":7,"column":23}},"loc":{"start":{"line":7,"column":33},"end":{"line":9,"column":1}},"line":7},"1":{"name":"(anonymous_1)","decl":{"start":{"line":11,"column":22},"end":{"line":11,"column":23}},"loc":{"start":{"line":11,"column":33},"end":{"line":22,"column":1}},"line":11},"2":{"name":"(anonymous_2)","decl":{"start":{"line":13,"column":10},"end":{"line":13,"column":11}},"loc":{"start":{"line":13,"column":22},"end":{"line":17,"column":5}},"line":13},"3":{"name":"(anonymous_3)","decl":{"start":{"line":18,"column":11},"end":{"line":18,"column":12}},"loc":{"start":{"line":18,"column":18},"end":{"line":21,"column":5}},"line":18},"4":{"name":"(anonymous_4)","decl":{"start":{"line":24,"column":28},"end":{"line":24,"column":29}},"loc":{"start":{"line":24,"column":48},"end":{"line":56,"column":1}},"line":24},"5":{"name":"(anonymous_5)","decl":{"start":{"line":26,"column":32},"end":{"line":26,"column":33}},"loc":{"start":{"line":26,"column":40},"end":{"line":28,"column":3}},"line":26},"6":{"name":"(anonymous_6)","decl":{"start":{"line":32,"column":18},"end":{"line":32,"column":19}},"loc":{"start":{"line":32,"column":26},"end":{"line":34,"column":5}},"line":32},"7":{"name":"(anonymous_7)","decl":{"start":{"line":38,"column":18},"end":{"line":38,"column":19}},"loc":{"start":{"line":38,"column":26},"end":{"line":40,"column":5}},"line":38},"8":{"name":"(anonymous_8)","decl":{"start":{"line":48,"column":18},"end":{"line":48,"column":19}},"loc":{"start":{"line":48,"column":26},"end":{"line":52,"column":5}},"line":48},"9":{"name":"(anonymous_9)","decl":{"start":{"line":58,"column":20},"end":{"line":58,"column":21}},"loc":{"start":{"line":58,"column":40},"end":{"line":68,"column":1}},"line":58},"10":{"name":"(anonymous_10)","decl":{"start":{"line":62,"column":18},"end":{"line":62,"column":19}},"loc":{"start":{"line":62,"column":47},"end":{"line":65,"column":3}},"line":62},"11":{"name":"(anonymous_11)","decl":{"start":{"line":70,"column":21},"end":{"line":70,"column":22}},"loc":{"start":{"line":70,"column":34},"end":{"line":75,"column":1}},"line":70},"12":{"name":"(anonymous_12)","decl":{"start":{"line":71,"column":34},"end":{"line":71,"column":35}},"loc":{"start":{"line":71,"column":50},"end":{"line":73,"column":3}},"line":71},"13":{"name":"(anonymous_13)","decl":{"start":{"line":77,"column":19},"end":{"line":77,"column":20}},"loc":{"start":{"line":77,"column":30},"end":{"line":81,"column":1}},"line":77},"14":{"name":"(anonymous_14)","decl":{"start":{"line":78,"column":22},"end":{"line":78,"column":23}},"loc":{"start":{"line":78,"column":38},"end":{"line":80,"column":3}},"line":78},"15":{"name":"(anonymous_15)","decl":{"start":{"line":83,"column":17},"end":{"line":83,"column":18}},"loc":{"start":{"line":83,"column":31},"end":{"line":90,"column":1}},"line":83},"16":{"name":"(anonymous_16)","decl":{"start":{"line":84,"column":21},"end":{"line":84,"column":22}},"loc":{"start":{"line":84,"column":42},"end":{"line":89,"column":3}},"line":84},"17":{"name":"(anonymous_17)","decl":{"start":{"line":85,"column":34},"end":{"line":85,"column":35}},"loc":{"start":{"line":85,"column":49},"end":{"line":88,"column":5}},"line":85},"18":{"name":"(anonymous_18)","decl":{"start":{"line":92,"column":17},"end":{"line":92,"column":18}},"loc":{"start":{"line":92,"column":27},"end":{"line":99,"column":1}},"line":92},"19":{"name":"(anonymous_19)","decl":{"start":{"line":93,"column":21},"end":{"line":93,"column":22}},"loc":{"start":{"line":93,"column":42},"end":{"line":98,"column":3}},"line":93},"20":{"name":"(anonymous_20)","decl":{"start":{"line":94,"column":18},"end":{"line":94,"column":19}},"loc":{"start":{"line":94,"column":33},"end":{"line":97,"column":5}},"line":94},"21":{"name":"(anonymous_21)","decl":{"start":{"line":101,"column":16},"end":{"line":101,"column":17}},"loc":{"start":{"line":101,"column":26},"end":{"line":106,"column":1}},"line":101},"22":{"name":"(anonymous_22)","decl":{"start":{"line":102,"column":21},"end":{"line":102,"column":22}},"loc":{"start":{"line":102,"column":42},"end":{"line":105,"column":3}},"line":102},"23":{"name":"(anonymous_23)","decl":{"start":{"line":104,"column":4},"end":{"line":104,"column":5}},"loc":{"start":{"line":104,"column":20},"end":{"line":104,"column":54}},"line":104},"24":{"name":"(anonymous_24)","decl":{"start":{"line":108,"column":23},"end":{"line":108,"column":24}},"loc":{"start":{"line":108,"column":33},"end":{"line":117,"column":1}},"line":108},"25":{"name":"(anonymous_25)","decl":{"start":{"line":111,"column":12},"end":{"line":111,"column":13}},"loc":{"start":{"line":111,"column":22},"end":{"line":115,"column":7}},"line":111},"26":{"name":"(anonymous_26)","decl":{"start":{"line":119,"column":22},"end":{"line":119,"column":23}},"loc":{"start":{"line":119,"column":32},"end":{"line":140,"column":1}},"line":119},"27":{"name":"(anonymous_27)","decl":{"start":{"line":122,"column":10},"end":{"line":122,"column":11}},"loc":{"start":{"line":122,"column":22},"end":{"line":138,"column":5}},"line":122},"28":{"name":"(anonymous_28)","decl":{"start":{"line":128,"column":16},"end":{"line":128,"column":17}},"loc":{"start":{"line":128,"column":25},"end":{"line":132,"column":11}},"line":128},"29":{"name":"(anonymous_29)","decl":{"start":{"line":129,"column":29},"end":{"line":129,"column":30}},"loc":{"start":{"line":129,"column":41},"end":{"line":131,"column":13}},"line":129},"30":{"name":"(anonymous_30)","decl":{"start":{"line":133,"column":16},"end":{"line":133,"column":17}},"loc":{"start":{"line":133,"column":26},"end":{"line":135,"column":11}},"line":133},"31":{"name":"(anonymous_31)","decl":{"start":{"line":142,"column":16},"end":{"line":142,"column":17}},"loc":{"start":{"line":142,"column":35},"end":{"line":194,"column":1}},"line":142},"32":{"name":"(anonymous_32)","decl":{"start":{"line":144,"column":10},"end":{"line":144,"column":11}},"loc":{"start":{"line":144,"column":21},"end":{"line":189,"column":5}},"line":144},"33":{"name":"(anonymous_33)","decl":{"start":{"line":147,"column":16},"end":{"line":147,"column":17}},"loc":{"start":{"line":147,"column":33},"end":{"line":151,"column":11}},"line":147},"34":{"name":"(anonymous_34)","decl":{"start":{"line":148,"column":31},"end":{"line":148,"column":32}},"loc":{"start":{"line":148,"column":49},"end":{"line":150,"column":13}},"line":148},"35":{"name":"(anonymous_35)","decl":{"start":{"line":152,"column":16},"end":{"line":152,"column":17}},"loc":{"start":{"line":152,"column":24},"end":{"line":155,"column":11}},"line":152},"36":{"name":"(anonymous_36)","decl":{"start":{"line":156,"column":16},"end":{"line":156,"column":17}},"loc":{"start":{"line":156,"column":32},"end":{"line":160,"column":11}},"line":156},"37":{"name":"(anonymous_37)","decl":{"start":{"line":157,"column":36},"end":{"line":157,"column":37}},"loc":{"start":{"line":157,"column":54},"end":{"line":159,"column":13}},"line":157},"38":{"name":"(anonymous_38)","decl":{"start":{"line":161,"column":16},"end":{"line":161,"column":17}},"loc":{"start":{"line":161,"column":35},"end":{"line":163,"column":11}},"line":161},"39":{"name":"(anonymous_39)","decl":{"start":{"line":166,"column":16},"end":{"line":166,"column":17}},"loc":{"start":{"line":166,"column":26},"end":{"line":170,"column":11}},"line":166},"40":{"name":"(anonymous_40)","decl":{"start":{"line":167,"column":30},"end":{"line":167,"column":31}},"loc":{"start":{"line":167,"column":48},"end":{"line":169,"column":13}},"line":167},"41":{"name":"(anonymous_41)","decl":{"start":{"line":171,"column":16},"end":{"line":171,"column":17}},"loc":{"start":{"line":171,"column":23},"end":{"line":178,"column":11}},"line":171},"42":{"name":"(anonymous_42)","decl":{"start":{"line":173,"column":20},"end":{"line":173,"column":21}},"loc":{"start":{"line":173,"column":35},"end":{"line":177,"column":15}},"line":173},"43":{"name":"(anonymous_43)","decl":{"start":{"line":174,"column":39},"end":{"line":174,"column":40}},"loc":{"start":{"line":174,"column":52},"end":{"line":176,"column":17}},"line":174},"44":{"name":"(anonymous_44)","decl":{"start":{"line":180,"column":16},"end":{"line":180,"column":17}},"loc":{"start":{"line":180,"column":31},"end":{"line":184,"column":11}},"line":180},"45":{"name":"(anonymous_45)","decl":{"start":{"line":181,"column":35},"end":{"line":181,"column":36}},"loc":{"start":{"line":181,"column":56},"end":{"line":183,"column":13}},"line":181},"46":{"name":"(anonymous_46)","decl":{"start":{"line":185,"column":16},"end":{"line":185,"column":17}},"loc":{"start":{"line":185,"column":31},"end":{"line":187,"column":11}},"line":185},"47":{"name":"(anonymous_47)","decl":{"start":{"line":190,"column":10},"end":{"line":190,"column":11}},"loc":{"start":{"line":190,"column":22},"end":{"line":192,"column":5}},"line":190}},"branchMap":{"0":{"loc":{"start":{"line":30,"column":2},"end":{"line":55,"column":3}},"type":"if","locations":[{"start":{"line":30,"column":2},"end":{"line":55,"column":3}},{"start":{"line":30,"column":2},"end":{"line":55,"column":3}}],"line":30},"1":{"loc":{"start":{"line":30,"column":6},"end":{"line":30,"column":67}},"type":"binary-expr","locations":[{"start":{"line":30,"column":6},"end":{"line":30,"column":36}},{"start":{"line":30,"column":40},"end":{"line":30,"column":67}}],"line":30},"2":{"loc":{"start":{"line":36,"column":9},"end":{"line":55,"column":3}},"type":"if","locations":[{"start":{"line":36,"column":9},"end":{"line":55,"column":3}},{"start":{"line":36,"column":9},"end":{"line":55,"column":3}}],"line":36},"3":{"loc":{"start":{"line":36,"column":13},"end":{"line":36,"column":69}},"type":"binary-expr","locations":[{"start":{"line":36,"column":13},"end":{"line":36,"column":38}},{"start":{"line":36,"column":42},"end":{"line":36,"column":69}}],"line":36},"4":{"loc":{"start":{"line":42,"column":9},"end":{"line":55,"column":3}},"type":"if","locations":[{"start":{"line":42,"column":9},"end":{"line":55,"column":3}},{"start":{"line":42,"column":9},"end":{"line":55,"column":3}}],"line":42},"5":{"loc":{"start":{"line":42,"column":13},"end":{"line":42,"column":69}},"type":"binary-expr","locations":[{"start":{"line":42,"column":13},"end":{"line":42,"column":43}},{"start":{"line":42,"column":47},"end":{"line":42,"column":69}}],"line":42},"6":{"loc":{"start":{"line":46,"column":9},"end":{"line":55,"column":3}},"type":"if","locations":[{"start":{"line":46,"column":9},"end":{"line":55,"column":3}},{"start":{"line":46,"column":9},"end":{"line":55,"column":3}}],"line":46},"7":{"loc":{"start":{"line":46,"column":13},"end":{"line":46,"column":64}},"type":"binary-expr","locations":[{"start":{"line":46,"column":13},"end":{"line":46,"column":38}},{"start":{"line":46,"column":42},"end":{"line":46,"column":64}}],"line":46},"8":{"loc":{"start":{"line":49,"column":6},"end":{"line":51,"column":7}},"type":"if","locations":[{"start":{"line":49,"column":6},"end":{"line":51,"column":7}},{"start":{"line":49,"column":6},"end":{"line":51,"column":7}}],"line":49},"9":{"loc":{"start":{"line":49,"column":10},"end":{"line":49,"column":55}},"type":"binary-expr","locations":[{"start":{"line":49,"column":10},"end":{"line":49,"column":27}},{"start":{"line":49,"column":31},"end":{"line":49,"column":55}}],"line":49},"10":{"loc":{"start":{"line":86,"column":6},"end":{"line":86,"column":27}},"type":"if","locations":[{"start":{"line":86,"column":6},"end":{"line":86,"column":27}},{"start":{"line":86,"column":6},"end":{"line":86,"column":27}}],"line":86},"11":{"loc":{"start":{"line":95,"column":6},"end":{"line":95,"column":34}},"type":"if","locations":[{"start":{"line":95,"column":6},"end":{"line":95,"column":34}},{"start":{"line":95,"column":6},"end":{"line":95,"column":34}}],"line":95},"12":{"loc":{"start":{"line":104,"column":20},"end":{"line":104,"column":54}},"type":"cond-expr","locations":[{"start":{"line":104,"column":26},"end":{"line":104,"column":37}},{"start":{"line":104,"column":40},"end":{"line":104,"column":54}}],"line":104},"13":{"loc":{"start":{"line":123,"column":6},"end":{"line":137,"column":7}},"type":"if","locations":[{"start":{"line":123,"column":6},"end":{"line":137,"column":7}},{"start":{"line":123,"column":6},"end":{"line":137,"column":7}}],"line":123},"14":{"loc":{"start":{"line":123,"column":10},"end":{"line":123,"column":73}},"type":"binary-expr","locations":[{"start":{"line":123,"column":10},"end":{"line":123,"column":27}},{"start":{"line":123,"column":31},"end":{"line":123,"column":73}}],"line":123},"15":{"loc":{"start":{"line":126,"column":13},"end":{"line":137,"column":7}},"type":"if","locations":[{"start":{"line":126,"column":13},"end":{"line":137,"column":7}},{"start":{"line":126,"column":13},"end":{"line":137,"column":7}}],"line":126},"16":{"loc":{"start":{"line":145,"column":6},"end":{"line":188,"column":7}},"type":"if","locations":[{"start":{"line":145,"column":6},"end":{"line":188,"column":7}},{"start":{"line":145,"column":6},"end":{"line":188,"column":7}}],"line":145},"17":{"loc":{"start":{"line":164,"column":13},"end":{"line":188,"column":7}},"type":"if","locations":[{"start":{"line":164,"column":13},"end":{"line":188,"column":7}},{"start":{"line":164,"column":13},"end":{"line":188,"column":7}}],"line":164}},"s":{"0":1,"1":1,"2":1,"3":1,"4":1,"5":1,"6":3,"7":1,"8":6,"9":6,"10":6,"11":6,"12":0,"13":0,"14":1,"15":7,"16":6,"17":7,"18":2,"19":2,"20":2,"21":2,"22":5,"23":2,"24":2,"25":1,"26":2,"27":3,"28":0,"29":3,"30":3,"31":3,"32":3,"33":0,"34":3,"35":1,"36":6,"37":6,"38":6,"39":6,"40":6,"41":6,"42":6,"43":1,"44":3,"45":3,"46":3,"47":1,"48":10,"49":9,"50":1,"51":6,"52":6,"53":6,"54":0,"55":6,"56":1,"57":13,"58":13,"59":13,"60":0,"61":13,"62":1,"63":3,"64":3,"65":3,"66":1,"67":4,"68":4,"69":4,"70":1,"71":6,"72":6,"73":6,"74":2,"75":2,"76":4,"77":3,"78":3,"79":3,"80":3,"81":1,"82":7,"83":7,"84":4,"85":4,"86":4,"87":4,"88":4,"89":4,"90":4,"91":3,"92":3,"93":3,"94":2,"95":3,"96":3,"97":2,"98":3,"99":2,"100":3,"101":7,"102":1},"f":{"0":3,"1":6,"2":6,"3":0,"4":7,"5":6,"6":2,"7":1,"8":3,"9":6,"10":6,"11":3,"12":3,"13":10,"14":9,"15":6,"16":6,"17":6,"18":13,"19":13,"20":13,"21":3,"22":3,"23":3,"24":4,"25":4,"26":6,"27":6,"28":3,"29":3,"30":3,"31":7,"32":7,"33":4,"34":4,"35":4,"36":4,"37":4,"38":4,"39":3,"40":2,"41":3,"42":3,"43":2,"44":3,"45":2,"46":3,"47":7},"b":{"0":[2,5],"1":[7,2],"2":[2,3],"3":[5,5],"4":[0,3],"5":[3,0],"6":[3,0],"7":[3,3],"8":[0,3],"9":[3,0],"10":[0,6],"11":[0,13],"12":[0,3],"13":[2,4],"14":[6,3],"15":[3,1],"16":[4,3],"17":[3,0]},"_coverageSchema":"332fd63041d2c1bcb487cc26dd0d5f7d97098a6c","hash":"c698486b05db7ffc4f7901d3a3df74f3a93c41c4"}
}
