TN:
SF:C:\Users\Porrasc\Documents\Nataly-Porras\lim20181-Track-FE-markdown-list\index.js
FN:7,(anonymous_0)
FN:11,(anonymous_1)
FN:13,(anonymous_2)
FN:18,(anonymous_3)
FN:24,(anonymous_4)
FN:26,(anonymous_5)
FN:32,(anonymous_6)
FN:38,(anonymous_7)
FN:48,(anonymous_8)
FN:58,(anonymous_9)
FN:62,(anonymous_10)
FN:70,(anonymous_11)
FN:71,(anonymous_12)
FN:77,(anonymous_13)
FN:78,(anonymous_14)
FN:83,(anonymous_15)
FN:84,(anonymous_16)
FN:85,(anonymous_17)
FN:92,(anonymous_18)
FN:93,(anonymous_19)
FN:94,(anonymous_20)
FN:101,(anonymous_21)
FN:102,(anonymous_22)
FN:104,(anonymous_23)
FN:108,(anonymous_24)
FN:111,(anonymous_25)
FN:119,(anonymous_26)
FN:122,(anonymous_27)
FN:128,(anonymous_28)
FN:129,(anonymous_29)
FN:133,(anonymous_30)
FN:142,(anonymous_31)
FN:144,(anonymous_32)
FN:147,(anonymous_33)
FN:148,(anonymous_34)
FN:152,(anonymous_35)
FN:156,(anonymous_36)
FN:157,(anonymous_37)
FN:161,(anonymous_38)
FN:166,(anonymous_39)
FN:167,(anonymous_40)
FN:171,(anonymous_41)
FN:173,(anonymous_42)
FN:174,(anonymous_43)
FN:180,(anonymous_44)
FN:181,(anonymous_45)
FN:185,(anonymous_46)
FN:190,(anonymous_47)
FNF:48
FNH:48
FNDA:3,(anonymous_0)
FNDA:6,(anonymous_1)
FNDA:5,(anonymous_2)
FNDA:1,(anonymous_3)
FNDA:7,(anonymous_4)
FNDA:6,(anonymous_5)
FNDA:2,(anonymous_6)
FNDA:1,(anonymous_7)
FNDA:3,(anonymous_8)
FNDA:6,(anonymous_9)
FNDA:6,(anonymous_10)
FNDA:3,(anonymous_11)
FNDA:3,(anonymous_12)
FNDA:10,(anonymous_13)
FNDA:9,(anonymous_14)
FNDA:6,(anonymous_15)
FNDA:6,(anonymous_16)
FNDA:6,(anonymous_17)
FNDA:13,(anonymous_18)
FNDA:13,(anonymous_19)
FNDA:13,(anonymous_20)
FNDA:3,(anonymous_21)
FNDA:3,(anonymous_22)
FNDA:3,(anonymous_23)
FNDA:4,(anonymous_24)
FNDA:4,(anonymous_25)
FNDA:6,(anonymous_26)
FNDA:6,(anonymous_27)
FNDA:3,(anonymous_28)
FNDA:3,(anonymous_29)
FNDA:3,(anonymous_30)
FNDA:7,(anonymous_31)
FNDA:7,(anonymous_32)
FNDA:4,(anonymous_33)
FNDA:4,(anonymous_34)
FNDA:4,(anonymous_35)
FNDA:4,(anonymous_36)
FNDA:4,(anonymous_37)
FNDA:4,(anonymous_38)
FNDA:3,(anonymous_39)
FNDA:2,(anonymous_40)
FNDA:3,(anonymous_41)
FNDA:3,(anonymous_42)
FNDA:2,(anonymous_43)
FNDA:3,(anonymous_44)
FNDA:2,(anonymous_45)
FNDA:3,(anonymous_46)
FNDA:7,(anonymous_47)
DA:1,1
DA:2,1
DA:3,1
DA:4,1
DA:5,1
DA:7,1
DA:8,3
DA:11,1
DA:12,6
DA:14,5
DA:15,5
DA:16,5
DA:19,1
DA:20,1
DA:24,1
DA:26,7
DA:27,6
DA:30,7
DA:31,2
DA:32,2
DA:33,2
DA:35,2
DA:36,5
DA:37,2
DA:38,2
DA:39,1
DA:41,2
DA:42,3
DA:44,0
DA:46,3
DA:47,3
DA:48,3
DA:49,3
DA:50,0
DA:53,3
DA:58,1
DA:59,6
DA:61,6
DA:62,6
DA:63,6
DA:64,6
DA:66,6
DA:67,6
DA:70,1
DA:71,3
DA:72,3
DA:74,3
DA:77,1
DA:78,10
DA:79,9
DA:83,1
DA:84,6
DA:85,6
DA:86,6
DA:87,6
DA:92,1
DA:93,13
DA:94,13
DA:95,13
DA:96,13
DA:101,1
DA:102,3
DA:104,3
DA:108,1
DA:110,4
DA:112,4
DA:114,4
DA:119,1
DA:120,6
DA:121,6
DA:123,6
DA:124,2
DA:125,2
DA:126,4
DA:127,3
DA:129,3
DA:130,3
DA:134,3
DA:142,1
DA:143,7
DA:145,7
DA:146,4
DA:148,4
DA:149,4
DA:154,4
DA:157,4
DA:158,4
DA:162,4
DA:164,3
DA:165,3
DA:167,3
DA:168,2
DA:172,3
DA:174,3
DA:175,2
DA:181,3
DA:182,2
DA:186,3
DA:191,7
DA:196,1
LF:100
LH:98
BRDA:30,0,0,2
BRDA:30,0,1,5
BRDA:30,1,0,7
BRDA:30,1,1,2
BRDA:36,2,0,2
BRDA:36,2,1,3
BRDA:36,3,0,5
BRDA:36,3,1,5
BRDA:42,4,0,0
BRDA:42,4,1,3
BRDA:42,5,0,3
BRDA:42,5,1,0
BRDA:46,6,0,3
BRDA:46,6,1,0
BRDA:46,7,0,3
BRDA:46,7,1,3
BRDA:49,8,0,0
BRDA:49,8,1,3
BRDA:49,9,0,3
BRDA:49,9,1,0
BRDA:86,10,0,0
BRDA:86,10,1,6
BRDA:95,11,0,0
BRDA:95,11,1,13
BRDA:104,12,0,0
BRDA:104,12,1,3
BRDA:123,13,0,2
BRDA:123,13,1,4
BRDA:123,14,0,6
BRDA:123,14,1,3
BRDA:126,15,0,3
BRDA:126,15,1,1
BRDA:145,16,0,4
BRDA:145,16,1,3
BRDA:164,17,0,3
BRDA:164,17,1,0
BRF:36
BRH:27
end_of_record
