TN:
SF:C:\Users\NatalyPorras\Documents\Nataly-Porras\lim20181-Track-FE-markdown-list\index.js
FN:8,(anonymous_0)
FN:12,(anonymous_1)
FN:14,(anonymous_2)
FN:19,(anonymous_3)
FN:26,(anonymous_4)
FN:28,(anonymous_5)
FN:33,(anonymous_6)
FN:39,(anonymous_7)
FN:48,(anonymous_8)
FN:58,(anonymous_9)
FN:60,(anonymous_10)
FN:68,(anonymous_11)
FN:69,(anonymous_12)
FN:75,(anonymous_13)
FN:76,(anonymous_14)
FN:81,(anonymous_15)
FN:82,(anonymous_16)
FN:83,(anonymous_17)
FN:90,(anonymous_18)
FN:91,(anonymous_19)
FN:92,(anonymous_20)
FN:99,(anonymous_21)
FN:100,(anonymous_22)
FN:102,(anonymous_23)
FN:106,(anonymous_24)
FN:108,(anonymous_25)
FN:113,(anonymous_26)
FN:114,(anonymous_27)
FN:119,(anonymous_28)
FN:122,(anonymous_29)
FN:127,(anonymous_30)
FN:127,(anonymous_31)
FN:128,(anonymous_32)
FN:134,(anonymous_33)
FN:138,(anonymous_34)
FN:140,(anonymous_35)
FN:143,(anonymous_36)
FN:143,(anonymous_37)
FN:147,(anonymous_38)
FN:148,(anonymous_39)
FN:150,(anonymous_40)
FN:154,(anonymous_41)
FN:155,(anonymous_42)
FN:157,(anonymous_43)
FN:157,(anonymous_44)
FN:162,(anonymous_45)
FN:165,(anonymous_46)
FN:167,(anonymous_47)
FNF:48
FNH:26
FNDA:0,(anonymous_0)
FNDA:1,(anonymous_1)
FNDA:1,(anonymous_2)
FNDA:0,(anonymous_3)
FNDA:1,(anonymous_4)
FNDA:1,(anonymous_5)
FNDA:1,(anonymous_6)
FNDA:0,(anonymous_7)
FNDA:0,(anonymous_8)
FNDA:1,(anonymous_9)
FNDA:1,(anonymous_10)
FNDA:0,(anonymous_11)
FNDA:0,(anonymous_12)
FNDA:1,(anonymous_13)
FNDA:1,(anonymous_14)
FNDA:1,(anonymous_15)
FNDA:1,(anonymous_16)
FNDA:1,(anonymous_17)
FNDA:5,(anonymous_18)
FNDA:5,(anonymous_19)
FNDA:2,(anonymous_20)
FNDA:0,(anonymous_21)
FNDA:0,(anonymous_22)
FNDA:0,(anonymous_23)
FNDA:1,(anonymous_24)
FNDA:1,(anonymous_25)
FNDA:1,(anonymous_26)
FNDA:1,(anonymous_27)
FNDA:0,(anonymous_28)
FNDA:0,(anonymous_29)
FNDA:0,(anonymous_30)
FNDA:0,(anonymous_31)
FNDA:0,(anonymous_32)
FNDA:0,(anonymous_33)
FNDA:4,(anonymous_34)
FNDA:1,(anonymous_35)
FNDA:1,(anonymous_36)
FNDA:1,(anonymous_37)
FNDA:1,(anonymous_38)
FNDA:1,(anonymous_39)
FNDA:1,(anonymous_40)
FNDA:0,(anonymous_41)
FNDA:0,(anonymous_42)
FNDA:0,(anonymous_43)
FNDA:0,(anonymous_44)
FNDA:0,(anonymous_45)
FNDA:0,(anonymous_46)
FNDA:0,(anonymous_47)
DA:1,1
DA:2,1
DA:3,1
DA:4,1
DA:5,1
DA:6,1
DA:8,1
DA:9,0
DA:12,1
DA:13,1
DA:15,1
DA:16,1
DA:17,1
DA:20,0
DA:21,0
DA:26,1
DA:28,1
DA:29,1
DA:31,1
DA:32,1
DA:33,1
DA:34,1
DA:36,1
DA:37,0
DA:38,0
DA:39,0
DA:40,0
DA:42,0
DA:43,0
DA:45,0
DA:46,0
DA:47,0
DA:48,0
DA:49,0
DA:50,0
DA:53,0
DA:58,1
DA:59,1
DA:60,1
DA:61,1
DA:62,1
DA:64,1
DA:65,1
DA:68,1
DA:69,0
DA:70,0
DA:72,0
DA:75,1
DA:76,1
DA:77,1
DA:81,1
DA:82,1
DA:83,1
DA:84,1
DA:85,1
DA:90,1
DA:91,5
DA:92,5
DA:93,2
DA:94,2
DA:99,1
DA:100,0
DA:102,0
DA:106,1
DA:107,1
DA:109,1
DA:110,1
DA:113,1
DA:115,1
DA:119,1
DA:121,0
DA:123,0
DA:124,0
DA:125,0
DA:126,0
DA:127,0
DA:129,0
DA:134,0
DA:138,1
DA:139,4
DA:141,1
DA:142,1
DA:143,1
DA:144,1
DA:147,1
DA:149,1
DA:150,1
DA:152,0
DA:153,0
DA:154,0
DA:156,0
DA:157,0
DA:158,0
DA:163,0
DA:166,0
DA:167,0
DA:173,1
LF:97
LH:59
BRDA:31,0,0,1
BRDA:31,0,1,0
BRDA:31,1,0,1
BRDA:31,1,1,1
BRDA:37,2,0,0
BRDA:37,2,1,0
BRDA:37,3,0,0
BRDA:37,3,1,0
BRDA:43,4,0,0
BRDA:43,4,1,0
BRDA:43,5,0,0
BRDA:43,5,1,0
BRDA:46,6,0,0
BRDA:46,6,1,0
BRDA:46,7,0,0
BRDA:46,7,1,0
BRDA:49,8,0,0
BRDA:49,8,1,0
BRDA:49,9,0,0
BRDA:49,9,1,0
BRDA:84,10,0,0
BRDA:84,10,1,1
BRDA:93,11,0,0
BRDA:93,11,1,2
BRDA:102,12,0,0
BRDA:102,12,1,0
BRDA:109,13,0,1
BRDA:109,13,1,0
BRDA:109,14,0,1
BRDA:109,14,1,1
BRDA:123,15,0,0
BRDA:123,15,1,0
BRDA:123,16,0,0
BRDA:123,16,1,0
BRDA:125,17,0,0
BRDA:125,17,1,0
BRDA:141,18,0,1
BRDA:141,18,1,0
BRDA:152,19,0,0
BRDA:152,19,1,0
BRF:40
BRH:9
end_of_record
